ORBBEC-Enviroonment/OrbCodeScaner/android/build/intermediates/manifest_merge_blame_file/release/manifest-merger-blame-release-report.txt
1<?xml version="1.0" encoding="utf-8"?>
2<!--
3 Copyright (C) 2008 ZXing authors
4
5 Licensed under the Apache License, Version 2.0 (the "License");
6 you may not use this file except in compliance with the License.
7 You may obtain a copy of the License at
8
9      http://www.apache.org/licenses/LICENSE-2.0
10
11 Unless required by applicable law or agreed to in writing, software
12 distributed under the License is distributed on an "AS IS" BASIS,
13 WITHOUT WARRANTIES OR CONDITIONS OF ANY KIND, either express or implied.
14 See the License for the specific language governing permissions and
15 limitations under the License.
16-->
17<manifest xmlns:android="http://schemas.android.com/apk/res/android"
18    package="com.google.zxing.client.android"
19    android:installLocation="auto"
20    android:versionCode="108"
21    android:versionName="4.7.8" >
22
23    <uses-sdk
24        android:minSdkVersion="19"
24-->src\main\AndroidManifest.xml
25        android:targetSdkVersion="28" />
25-->src\main\AndroidManifest.xml
26
27    <uses-permission android:name="android.permission.CAMERA" />
27-->src\main\AndroidManifest.xml:23:3-62
27-->src\main\AndroidManifest.xml:23:20-60
28    <uses-permission android:name="android.permission.INTERNET" />
28-->src\main\AndroidManifest.xml:24:3-64
28-->src\main\AndroidManifest.xml:24:20-62
29    <uses-permission android:name="android.permission.VIBRATE" />
29-->src\main\AndroidManifest.xml:25:3-63
29-->src\main\AndroidManifest.xml:25:20-61
30    <uses-permission android:name="android.permission.FLASHLIGHT" />
30-->src\main\AndroidManifest.xml:26:3-66
30-->src\main\AndroidManifest.xml:26:20-64
31    <uses-permission android:name="android.permission.READ_CONTACTS" />
31-->src\main\AndroidManifest.xml:27:3-69
31-->src\main\AndroidManifest.xml:27:20-67
32    <!-- unavailable in API 23 -->
33    <uses-permission android:name="com.android.browser.permission.READ_HISTORY_BOOKMARKS" />
33-->src\main\AndroidManifest.xml:29:3-90
33-->src\main\AndroidManifest.xml:29:20-88
34    <uses-permission android:name="android.permission.WRITE_EXTERNAL_STORAGE" />
34-->src\main\AndroidManifest.xml:30:3-78
34-->src\main\AndroidManifest.xml:30:20-76
35    <uses-permission android:name="android.permission.CHANGE_WIFI_STATE" />
35-->src\main\AndroidManifest.xml:31:3-73
35-->src\main\AndroidManifest.xml:31:20-71
36    <uses-permission android:name="android.permission.ACCESS_WIFI_STATE" />
36-->src\main\AndroidManifest.xml:32:3-73
36-->src\main\AndroidManifest.xml:32:20-71
37
38    <!-- <uses-sdk android:minSdkVersion="19" android:targetSdkVersion="22"/> -->
39
40    <uses-feature android:name="android.hardware.camera.any" />
40-->src\main\AndroidManifest.xml:36:3-61
40-->src\main\AndroidManifest.xml:36:17-59
41    <uses-feature
41-->src\main\AndroidManifest.xml:37:3-92
42        android:name="android.hardware.camera.autofocus"
42-->src\main\AndroidManifest.xml:37:17-65
43        android:required="false" />
43-->src\main\AndroidManifest.xml:37:66-90
44    <uses-feature
44-->src\main\AndroidManifest.xml:38:3-88
45        android:name="android.hardware.camera.flash"
45-->src\main\AndroidManifest.xml:38:17-61
46        android:required="false" />
46-->src\main\AndroidManifest.xml:38:62-86
47    <uses-feature android:name="android.hardware.screen.landscape" />
47-->src\main\AndroidManifest.xml:39:3-67
47-->src\main\AndroidManifest.xml:39:17-65
48    <uses-feature
48-->src\main\AndroidManifest.xml:40:3-80
49        android:name="android.hardware.wifi"
49-->src\main\AndroidManifest.xml:40:17-53
50        android:required="false" />
50-->src\main\AndroidManifest.xml:40:54-78
51
52    <application
52-->src\main\AndroidManifest.xml:42:3-136:17
53        android:allowBackup="true"
53-->src\main\AndroidManifest.xml:44:16-42
54        android:label="@string/app_name"
54-->src\main\AndroidManifest.xml:43:16-48
55        android:logo="@drawable/launcher_icon" >
55-->src\main\AndroidManifest.xml:42:16-54
56        <activity
56-->src\main\AndroidManifest.xml:45:5-83:16
57            android:name="com.google.zxing.client.android.CaptureActivity"
57-->src\main\AndroidManifest.xml:45:15-46
58            android:clearTaskOnLaunch="true"
58-->src\main\AndroidManifest.xml:47:15-47
59            android:screenOrientation="sensorLandscape"
59-->src\main\AndroidManifest.xml:46:15-58
60            android:stateNotNeeded="true"
60-->src\main\AndroidManifest.xml:48:15-44
61            android:theme="@style/CaptureTheme"
61-->src\main\AndroidManifest.xml:49:15-50
62            android:windowSoftInputMode="stateAlwaysHidden" >
62-->src\main\AndroidManifest.xml:50:15-62
63            <intent-filter>
63-->src\main\AndroidManifest.xml:51:7-54:23
64                <action android:name="com.google.zxing.client.android.SCAN" />
64-->src\main\AndroidManifest.xml:52:9-70
64-->src\main\AndroidManifest.xml:52:17-68
65
66                <category android:name="android.intent.category.DEFAULT" />
66-->src\main\AndroidManifest.xml:53:9-67
66-->src\main\AndroidManifest.xml:53:19-65
67            </intent-filter>
68            <!-- Allow web apps to launch Barcode Scanner by linking to http://zxing.appspot.com/scan. -->
69            <intent-filter>
69-->src\main\AndroidManifest.xml:56:7-61:23
70                <action android:name="android.intent.action.VIEW" />
70-->src\main\AndroidManifest.xml:57:9-60
70-->src\main\AndroidManifest.xml:57:17-58
71
72                <category android:name="android.intent.category.DEFAULT" />
72-->src\main\AndroidManifest.xml:53:9-67
72-->src\main\AndroidManifest.xml:53:19-65
73                <category android:name="android.intent.category.BROWSABLE" />
73-->src\main\AndroidManifest.xml:59:9-69
73-->src\main\AndroidManifest.xml:59:19-67
74
75                <data
75-->src\main\AndroidManifest.xml:60:9-92
76                    android:host="zxing.appspot.com"
76-->src\main\AndroidManifest.xml:60:37-69
77                    android:path="/scan"
77-->src\main\AndroidManifest.xml:60:70-90
78                    android:scheme="http" />
78-->src\main\AndroidManifest.xml:60:15-36
79            </intent-filter>
80            <!-- We also support a Google Product Search URL. -->
81            <intent-filter>
81-->src\main\AndroidManifest.xml:63:7-68:23
82                <action android:name="android.intent.action.VIEW" />
82-->src\main\AndroidManifest.xml:57:9-60
82-->src\main\AndroidManifest.xml:57:17-58
83
84                <category android:name="android.intent.category.DEFAULT" />
84-->src\main\AndroidManifest.xml:53:9-67
84-->src\main\AndroidManifest.xml:53:19-65
85                <category android:name="android.intent.category.BROWSABLE" />
85-->src\main\AndroidManifest.xml:59:9-69
85-->src\main\AndroidManifest.xml:59:19-67
86
87                <data
87-->src\main\AndroidManifest.xml:60:9-92
88                    android:host="www.google.com"
88-->src\main\AndroidManifest.xml:60:37-69
89                    android:path="/m/products/scan"
89-->src\main\AndroidManifest.xml:60:70-90
90                    android:scheme="http" />
90-->src\main\AndroidManifest.xml:60:15-36
91            </intent-filter>
92            <!-- And the UK version. -->
93            <intent-filter>
93-->src\main\AndroidManifest.xml:70:7-75:23
94                <action android:name="android.intent.action.VIEW" />
94-->src\main\AndroidManifest.xml:57:9-60
94-->src\main\AndroidManifest.xml:57:17-58
95
96                <category android:name="android.intent.category.DEFAULT" />
96-->src\main\AndroidManifest.xml:53:9-67
96-->src\main\AndroidManifest.xml:53:19-65
97                <category android:name="android.intent.category.BROWSABLE" />
97-->src\main\AndroidManifest.xml:59:9-69
97-->src\main\AndroidManifest.xml:59:19-67
98
99                <data
99-->src\main\AndroidManifest.xml:60:9-92
100                    android:host="www.google.co.uk"
100-->src\main\AndroidManifest.xml:60:37-69
101                    android:path="/m/products/scan"
101-->src\main\AndroidManifest.xml:60:70-90
102                    android:scheme="http" />
102-->src\main\AndroidManifest.xml:60:15-36
103            </intent-filter>
104            <!-- Support zxing://scan/?... like iPhone app -->
105            <intent-filter>
105-->src\main\AndroidManifest.xml:77:7-82:23
106                <action android:name="android.intent.action.VIEW" />
106-->src\main\AndroidManifest.xml:57:9-60
106-->src\main\AndroidManifest.xml:57:17-58
107
108                <category android:name="android.intent.category.DEFAULT" />
108-->src\main\AndroidManifest.xml:53:9-67
108-->src\main\AndroidManifest.xml:53:19-65
109                <category android:name="android.intent.category.BROWSABLE" />
109-->src\main\AndroidManifest.xml:59:9-69
109-->src\main\AndroidManifest.xml:59:19-67
110
111                <data
111-->src\main\AndroidManifest.xml:60:9-92
112                    android:host="scan"
112-->src\main\AndroidManifest.xml:60:37-69
113                    android:path="/"
113-->src\main\AndroidManifest.xml:60:70-90
114                    android:scheme="zxing" />
114-->src\main\AndroidManifest.xml:60:15-36
115            </intent-filter>
116        </activity>
117        <activity
117-->src\main\AndroidManifest.xml:84:5-86:46
118            android:name="com.google.zxing.client.android.PreferencesActivity"
118-->src\main\AndroidManifest.xml:84:15-50
119            android:label="@string/preferences_name"
119-->src\main\AndroidManifest.xml:85:15-55
120            android:stateNotNeeded="true" />
120-->src\main\AndroidManifest.xml:86:15-44
121        <activity
121-->src\main\AndroidManifest.xml:87:5-105:16
122            android:name="com.google.zxing.client.android.encode.EncodeActivity"
122-->src\main\AndroidManifest.xml:87:15-52
123            android:stateNotNeeded="true" >
123-->src\main\AndroidManifest.xml:88:15-44
124            <intent-filter>
124-->src\main\AndroidManifest.xml:89:7-92:23
125                <action android:name="com.google.zxing.client.android.ENCODE" />
125-->src\main\AndroidManifest.xml:90:9-72
125-->src\main\AndroidManifest.xml:90:17-70
126
127                <category android:name="android.intent.category.DEFAULT" />
127-->src\main\AndroidManifest.xml:53:9-67
127-->src\main\AndroidManifest.xml:53:19-65
128            </intent-filter>
129            <!-- This allows us to handle the Share button in Contacts. -->
130            <intent-filter>
130-->src\main\AndroidManifest.xml:94:7-98:23
131                <action android:name="android.intent.action.SEND" />
131-->src\main\AndroidManifest.xml:95:9-60
131-->src\main\AndroidManifest.xml:95:17-58
132
133                <category android:name="android.intent.category.DEFAULT" />
133-->src\main\AndroidManifest.xml:53:9-67
133-->src\main\AndroidManifest.xml:53:19-65
134
135                <data android:mimeType="text/x-vcard" />
135-->src\main\AndroidManifest.xml:60:9-92
135-->src\main\AndroidManifest.xml:97:15-46
136            </intent-filter>
137            <!-- This allows us to handle sharing any plain text . -->
138            <intent-filter>
138-->src\main\AndroidManifest.xml:100:7-104:23
139                <action android:name="android.intent.action.SEND" />
139-->src\main\AndroidManifest.xml:95:9-60
139-->src\main\AndroidManifest.xml:95:17-58
140
141                <category android:name="android.intent.category.DEFAULT" />
141-->src\main\AndroidManifest.xml:53:9-67
141-->src\main\AndroidManifest.xml:53:19-65
142
143                <data android:mimeType="text/plain" />
143-->src\main\AndroidManifest.xml:60:9-92
143-->src\main\AndroidManifest.xml:97:15-46
144            </intent-filter>
145        </activity>
146        <activity
146-->src\main\AndroidManifest.xml:106:5-114:16
147            android:name="com.google.zxing.client.android.book.SearchBookContentsActivity"
147-->src\main\AndroidManifest.xml:106:15-62
148            android:label="@string/sbc_name"
148-->src\main\AndroidManifest.xml:107:15-47
149            android:screenOrientation="sensorLandscape"
149-->src\main\AndroidManifest.xml:109:15-58
150            android:stateNotNeeded="true" >
150-->src\main\AndroidManifest.xml:108:15-44
151            <intent-filter>
151-->src\main\AndroidManifest.xml:110:7-113:23
152                <action android:name="com.google.zxing.client.android.SEARCH_BOOK_CONTENTS" />
152-->src\main\AndroidManifest.xml:111:9-86
152-->src\main\AndroidManifest.xml:111:17-84
153
154                <category android:name="android.intent.category.DEFAULT" />
154-->src\main\AndroidManifest.xml:53:9-67
154-->src\main\AndroidManifest.xml:53:19-65
155            </intent-filter>
156        </activity>
157        <activity
157-->src\main\AndroidManifest.xml:115:5-122:16
158            android:name="com.google.zxing.client.android.share.ShareActivity"
158-->src\main\AndroidManifest.xml:115:15-50
159            android:screenOrientation="user"
159-->src\main\AndroidManifest.xml:117:15-47
160            android:stateNotNeeded="true" >
160-->src\main\AndroidManifest.xml:116:15-44
161            <intent-filter>
161-->src\main\AndroidManifest.xml:118:7-121:23
162                <action android:name="com.google.zxing.client.android.SHARE" />
162-->src\main\AndroidManifest.xml:119:9-71
162-->src\main\AndroidManifest.xml:119:17-69
163
164                <category android:name="android.intent.category.DEFAULT" />
164-->src\main\AndroidManifest.xml:53:9-67
164-->src\main\AndroidManifest.xml:53:19-65
165            </intent-filter>
166        </activity>
167        <activity
167-->src\main\AndroidManifest.xml:123:5-125:46
168            android:name="com.google.zxing.client.android.history.HistoryActivity"
168-->src\main\AndroidManifest.xml:123:15-54
169            android:label="@string/history_title"
169-->src\main\AndroidManifest.xml:124:15-52
170            android:stateNotNeeded="true" />
170-->src\main\AndroidManifest.xml:125:15-44
171        <activity
171-->src\main\AndroidManifest.xml:126:5-128:46
172            android:name="com.google.zxing.client.android.share.BookmarkPickerActivity"
172-->src\main\AndroidManifest.xml:126:15-59
173            android:label="@string/bookmark_picker_name"
173-->src\main\AndroidManifest.xml:127:15-59
174            android:stateNotNeeded="true" />
174-->src\main\AndroidManifest.xml:128:15-44
175        <activity
175-->src\main\AndroidManifest.xml:129:5-131:46
176            android:name="com.google.zxing.client.android.share.AppPickerActivity"
176-->src\main\AndroidManifest.xml:129:15-54
177            android:label="@string/app_picker_name"
177-->src\main\AndroidManifest.xml:130:15-54
178            android:stateNotNeeded="true" />
178-->src\main\AndroidManifest.xml:131:15-44
179        <activity
179-->src\main\AndroidManifest.xml:132:5-135:46
180            android:name="com.google.zxing.client.android.HelpActivity"
180-->src\main\AndroidManifest.xml:132:15-43
181            android:label="@string/menu_help"
181-->src\main\AndroidManifest.xml:133:15-48
182            android:screenOrientation="user"
182-->src\main\AndroidManifest.xml:134:15-47
183            android:stateNotNeeded="true" />
183-->src\main\AndroidManifest.xml:135:15-44
184    </application>
185
186</manifest>